2021-11-16 12:22:19,495:INFO:PyCaret Supervised Module
2021-11-16 12:22:19,496:INFO:ML Usecase: classification
2021-11-16 12:22:19,496:INFO:version 2.3.4
2021-11-16 12:22:19,496:INFO:Initializing setup()
2021-11-16 12:22:19,496:INFO:setup(target=Survived, ml_usecase=classification, available_plots={'parameter': 'Hyperparameters', 'auc': 'AUC', 'confusion_matrix': 'Confusion Matrix', 'threshold': 'Threshold', 'pr': 'Precision Recall', 'error': 'Prediction Error', 'class_report': 'Class Report', 'rfe': 'Feature Selection', 'learning': 'Learning Curve', 'manifold': 'Manifold Learning', 'calibration': 'Calibration Curve', 'vc': 'Validation Curve', 'dimension': 'Dimensions', 'feature': 'Feature Importance', 'feature_all': 'Feature Importance (All)', 'boundary': 'Decision Boundary', 'lift': 'Lift Chart', 'gain': 'Gain Chart', 'tree': 'Decision Tree', 'ks': 'KS Statistic Plot'}, train_size=0.7, test_data=None, preprocess=True, imputation_type=simple, iterative_imputation_iters=5, categorical_features=None, categorical_imputation=constant, categorical_iterative_imputer=lightgbm, ordinal_features=None, high_cardinality_features=None, high_cardinality_method=frequency, numeric_features=None, numeric_imputation=mean, numeric_iterative_imputer=lightgbm, date_features=None, ignore_features=None, normalize=False, normalize_method=zscore, transformation=False, transformation_method=yeo-johnson, handle_unknown_categorical=True, unknown_categorical_method=least_frequent, pca=False, pca_method=linear, pca_components=None, ignore_low_variance=False, combine_rare_levels=False, rare_level_threshold=0.1, bin_numeric_features=None, remove_outliers=False, outliers_threshold=0.05, remove_multicollinearity=False, multicollinearity_threshold=0.9, remove_perfect_collinearity=True, create_clusters=False, cluster_iter=20, polynomial_features=False, polynomial_degree=2, trigonometry_features=False, polynomial_threshold=0.1, group_features=None, group_names=None, feature_selection=False, feature_selection_threshold=0.8, feature_selection_method=classic, feature_interaction=False, feature_ratio=False, interaction_threshold=0.01, fix_imbalance=False, fix_imbalance_method=None, transform_target=False, transform_target_method=box-cox, data_split_shuffle=True, data_split_stratify=False, fold_strategy=stratifiedkfold, fold=10, fold_shuffle=False, fold_groups=None, n_jobs=-1, use_gpu=False, custom_pipeline=None, html=True, session_id=None, log_experiment=False, experiment_name=None, log_plots=False, log_profile=False, log_data=False, silent=False, verbose=True, profile=False, profile_kwargs=None, display=None)
2021-11-16 12:22:19,497:INFO:Checking environment
2021-11-16 12:22:19,497:INFO:python_version: 3.7.12
2021-11-16 12:22:19,497:INFO:python_build: ('default', 'Sep 10 2021 00:21:48')
2021-11-16 12:22:19,497:INFO:machine: x86_64
2021-11-16 12:22:19,498:INFO:platform: Linux-5.4.104+-x86_64-with-Ubuntu-18.04-bionic
2021-11-16 12:22:19,498:INFO:Memory: svmem(total=13622194176, available=12687433728, percent=6.9, used=666296320, free=9332322304, active=1110237184, inactive=2894372864, buffers=143175680, cached=3480399872, shared=1228800, slab=233725952)
2021-11-16 12:22:19,499:INFO:Physical Core: 1
2021-11-16 12:22:19,499:INFO:Logical Core: 2
2021-11-16 12:22:19,499:INFO:Checking libraries
2021-11-16 12:22:19,499:INFO:pd==1.1.5
2021-11-16 12:22:19,499:INFO:numpy==1.19.5
2021-11-16 12:22:19,499:INFO:sklearn==0.23.2
2021-11-16 12:22:19,499:INFO:lightgbm==3.3.1
2021-11-16 12:22:19,499:WARNING:catboost not found
2021-11-16 12:22:19,613:INFO:xgboost==0.90
2021-11-16 12:22:19,992:INFO:mlflow==1.21.0
2021-11-16 12:22:19,993:INFO:Checking Exceptions
2021-11-16 12:22:19,993:INFO:Declaring global variables
2021-11-16 12:22:19,993:INFO:USI: 9eb3
2021-11-16 12:22:19,993:INFO:pycaret_globals: {'_ml_usecase', 'X_train', 'n_jobs_param', '_internal_pipeline', 'html_param', 'fold_param', 'y', 'fix_imbalance_method_param', 'transform_target_method_param', 'X_test', 'logging_param', 'create_model_container', 'target_param', 'iterative_imputation_iters_param', 'fix_imbalance_param', 'master_model_container', 'display_container', 'transform_target_param', 'X', '_all_models', '_available_plots', 'y_test', '_gpu_n_jobs_param', '_all_models_internal', 'imputation_regressor', 'y_train', 'USI', 'imputation_classifier', 'fold_generator', 'prep_pipe', 'exp_name_log', 'fold_groups_param', 'fold_groups_param_full', 'data_before_preprocess', 'fold_shuffle_param', '_all_metrics', 'log_plots_param', 'pycaret_globals', 'experiment__', 'seed', 'stratify_param', 'gpu_param'}
2021-11-16 12:22:19,993:INFO:Preparing display monitor
2021-11-16 12:22:19,993:INFO:Preparing display monitor
2021-11-16 12:22:20,027:INFO:Importing libraries
2021-11-16 12:22:20,027:INFO:Copying data for preprocessing
2021-11-16 12:22:20,043:INFO:Declaring preprocessing parameters
2021-11-16 12:22:20,045:INFO:Creating preprocessing pipeline
2021-11-16 12:22:20,051:INFO:Preprocessing pipeline created successfully
2021-11-16 12:22:20,052:ERROR:(Process Exit): setup has been interupted with user command 'quit'. setup must rerun.
2021-11-16 12:22:20,052:INFO:Creating global containers
2021-11-16 12:22:20,054:INFO:Internal pipeline: Pipeline(memory=None, steps=[('empty_step', 'passthrough')], verbose=False)
2021-11-16 12:22:44,254:WARNING:Wrong xgboost version. Expected xgboost>=1.1.0, got xgboost==0.90
2021-11-16 12:22:44,255:WARNING:Couldn't import catboost.CatBoostClassifier
2021-11-16 12:22:44,341:WARNING:Wrong xgboost version. Expected xgboost>=1.1.0, got xgboost==0.90
2021-11-16 12:22:44,342:WARNING:Couldn't import catboost.CatBoostClassifier
2021-11-16 12:22:44,343:INFO:Creating grid variables
2021-11-16 12:22:44,374:INFO:create_model_container: 0
2021-11-16 12:22:44,374:INFO:master_model_container: 0
2021-11-16 12:22:44,374:INFO:display_container: 1
2021-11-16 12:22:44,386:INFO:Pipeline(memory=None,
         steps=[('dtypes',
                 DataTypes_Auto_infer(categorical_features=[],
                                      display_types=True, features_todrop=[],
                                      id_columns=[],
                                      ml_usecase='classification',
                                      numerical_features=[], target='Survived',
                                      time_features=[])),
                ('imputer',
                 Simple_Imputer(categorical_strategy='not_available',
                                fill_value_categorical=None,
                                fill_value_numerical=None,
                                numeric_str...
                ('scaling', 'passthrough'), ('P_transform', 'passthrough'),
                ('binn', 'passthrough'), ('rem_outliers', 'passthrough'),
                ('cluster_all', 'passthrough'),
                ('dummy', Dummify(target='Survived')),
                ('fix_perfect', Remove_100(target='Survived')),
                ('clean_names', Clean_Colum_Names()),
                ('feature_select', 'passthrough'), ('fix_multi', 'passthrough'),
                ('dfs', 'passthrough'), ('pca', 'passthrough')],
         verbose=False)
2021-11-16 12:22:44,386:INFO:setup() succesfully completed......................................
2021-11-16 12:37:51,450:INFO:Initializing compare_models()
2021-11-16 12:37:51,450:INFO:compare_models(include=None, fold=None, round=4, cross_validation=True, sort=Accuracy, n_select=1, budget_time=None, turbo=True, errors=ignore, fit_kwargs=None, groups=None, verbose=True, display=None, exclude=None)
2021-11-16 12:37:51,450:INFO:Checking exceptions
2021-11-16 12:37:51,455:INFO:Preparing display monitor
2021-11-16 12:37:51,456:INFO:Preparing display monitor
2021-11-16 12:37:51,530:INFO:Initializing Logistic Regression
2021-11-16 12:37:51,530:INFO:Total runtime is 5.030632019042969e-06 minutes
2021-11-16 12:37:51,553:INFO:SubProcess create_model() called ==================================
2021-11-16 12:37:51,554:INFO:Initializing create_model()
2021-11-16 12:37:51,554:INFO:create_model(estimator=lr, fold=StratifiedKFold(n_splits=10, random_state=None, shuffle=False), round=4, cross_validation=True, predict=True, fit_kwargs={}, groups=None, refit=False, verbose=False, system=False, metrics=None, add_to_model_list=True, display=<pycaret.internal.Display.Display object at 0x7f683ed1d6d0>, kwargs={})
2021-11-16 12:37:51,554:INFO:Checking exceptions
2021-11-16 12:37:51,554:INFO:Importing libraries
2021-11-16 12:37:51,554:INFO:Copying training dataset
2021-11-16 12:37:51,556:INFO:Defining folds
2021-11-16 12:37:51,557:INFO:Declaring metric variables
2021-11-16 12:37:51,576:INFO:Importing untrained model
2021-11-16 12:37:51,596:INFO:Logistic Regression Imported succesfully
2021-11-16 12:37:51,638:INFO:Starting cross validation
2021-11-16 12:37:51,640:INFO:Cross validating with StratifiedKFold(n_splits=10, random_state=None, shuffle=False), n_jobs=-1
2021-11-16 12:37:54,904:INFO:Calculating mean and std
2021-11-16 12:37:54,906:INFO:Creating metrics dataframe
2021-11-16 12:37:54,918:INFO:Uploading results into container
2021-11-16 12:37:54,918:INFO:Uploading model into container now
2021-11-16 12:37:54,919:INFO:create_model_container: 1
2021-11-16 12:37:54,919:INFO:master_model_container: 1
2021-11-16 12:37:54,919:INFO:display_container: 2
2021-11-16 12:37:54,920:INFO:LogisticRegression(C=1.0, class_weight=None, dual=False, fit_intercept=True,
                   intercept_scaling=1, l1_ratio=None, max_iter=1000,
                   multi_class='auto', n_jobs=None, penalty='l2',
                   random_state=3454, solver='lbfgs', tol=0.0001, verbose=0,
                   warm_start=False)
2021-11-16 12:37:54,920:INFO:create_model() succesfully completed......................................
2021-11-16 12:37:55,083:INFO:SubProcess create_model() end ==================================
2021-11-16 12:37:55,083:INFO:Creating metrics dataframe
2021-11-16 12:37:55,105:INFO:Initializing K Neighbors Classifier
2021-11-16 12:37:55,105:INFO:Total runtime is 0.05958667198816935 minutes
2021-11-16 12:37:55,125:INFO:SubProcess create_model() called ==================================
2021-11-16 12:37:55,126:INFO:Initializing create_model()
2021-11-16 12:37:55,126:INFO:create_model(estimator=knn, fold=StratifiedKFold(n_splits=10, random_state=None, shuffle=False), round=4, cross_validation=True, predict=True, fit_kwargs={}, groups=None, refit=False, verbose=False, system=False, metrics=None, add_to_model_list=True, display=<pycaret.internal.Display.Display object at 0x7f683ed1d6d0>, kwargs={})
2021-11-16 12:37:55,126:INFO:Checking exceptions
2021-11-16 12:37:55,126:INFO:Importing libraries
2021-11-16 12:37:55,126:INFO:Copying training dataset
2021-11-16 12:37:55,128:INFO:Defining folds
2021-11-16 12:37:55,128:INFO:Declaring metric variables
2021-11-16 12:37:55,153:INFO:Importing untrained model
2021-11-16 12:37:55,172:INFO:K Neighbors Classifier Imported succesfully
2021-11-16 12:37:55,214:INFO:Starting cross validation
2021-11-16 12:37:55,215:INFO:Cross validating with StratifiedKFold(n_splits=10, random_state=None, shuffle=False), n_jobs=-1
2021-11-16 12:37:56,371:INFO:Calculating mean and std
2021-11-16 12:37:56,372:INFO:Creating metrics dataframe
2021-11-16 12:37:56,378:INFO:Uploading results into container
2021-11-16 12:37:56,378:INFO:Uploading model into container now
2021-11-16 12:37:56,378:INFO:create_model_container: 2
2021-11-16 12:37:56,378:INFO:master_model_container: 2
2021-11-16 12:37:56,379:INFO:display_container: 2
2021-11-16 12:37:56,383:INFO:KNeighborsClassifier(algorithm='auto', leaf_size=30, metric='minkowski',
                     metric_params=None, n_jobs=-1, n_neighbors=5, p=2,
                     weights='uniform')
2021-11-16 12:37:56,384:INFO:create_model() succesfully completed......................................
2021-11-16 12:37:56,508:INFO:SubProcess create_model() end ==================================
2021-11-16 12:37:56,508:INFO:Creating metrics dataframe
2021-11-16 12:37:56,530:INFO:Initializing Naive Bayes
2021-11-16 12:37:56,530:INFO:Total runtime is 0.08333508570988973 minutes
2021-11-16 12:37:56,549:INFO:SubProcess create_model() called ==================================
2021-11-16 12:37:56,549:INFO:Initializing create_model()
2021-11-16 12:37:56,550:INFO:create_model(estimator=nb, fold=StratifiedKFold(n_splits=10, random_state=None, shuffle=False), round=4, cross_validation=True, predict=True, fit_kwargs={}, groups=None, refit=False, verbose=False, system=False, metrics=None, add_to_model_list=True, display=<pycaret.internal.Display.Display object at 0x7f683ed1d6d0>, kwargs={})
2021-11-16 12:37:56,550:INFO:Checking exceptions
2021-11-16 12:37:56,550:INFO:Importing libraries
2021-11-16 12:37:56,550:INFO:Copying training dataset
2021-11-16 12:37:56,552:INFO:Defining folds
2021-11-16 12:37:56,552:INFO:Declaring metric variables
2021-11-16 12:37:56,569:INFO:Importing untrained model
2021-11-16 12:37:56,589:INFO:Naive Bayes Imported succesfully
2021-11-16 12:37:56,631:INFO:Starting cross validation
2021-11-16 12:37:56,632:INFO:Cross validating with StratifiedKFold(n_splits=10, random_state=None, shuffle=False), n_jobs=-1
2021-11-16 12:37:56,796:INFO:Calculating mean and std
2021-11-16 12:37:56,797:INFO:Creating metrics dataframe
2021-11-16 12:37:56,805:INFO:Uploading results into container
2021-11-16 12:37:56,806:INFO:Uploading model into container now
2021-11-16 12:37:56,806:INFO:create_model_container: 3
2021-11-16 12:37:56,806:INFO:master_model_container: 3
2021-11-16 12:37:56,806:INFO:display_container: 2
2021-11-16 12:37:56,808:INFO:GaussianNB(priors=None, var_smoothing=1e-09)
2021-11-16 12:37:56,808:INFO:create_model() succesfully completed......................................
2021-11-16 12:37:56,941:INFO:SubProcess create_model() end ==================================
2021-11-16 12:37:56,941:INFO:Creating metrics dataframe
2021-11-16 12:37:56,960:INFO:Initializing Decision Tree Classifier
2021-11-16 12:37:56,961:INFO:Total runtime is 0.09051372607549033 minutes
2021-11-16 12:37:56,986:INFO:SubProcess create_model() called ==================================
2021-11-16 12:37:56,986:INFO:Initializing create_model()
2021-11-16 12:37:56,986:INFO:create_model(estimator=dt, fold=StratifiedKFold(n_splits=10, random_state=None, shuffle=False), round=4, cross_validation=True, predict=True, fit_kwargs={}, groups=None, refit=False, verbose=False, system=False, metrics=None, add_to_model_list=True, display=<pycaret.internal.Display.Display object at 0x7f683ed1d6d0>, kwargs={})
2021-11-16 12:37:56,987:INFO:Checking exceptions
2021-11-16 12:37:56,987:INFO:Importing libraries
2021-11-16 12:37:56,987:INFO:Copying training dataset
2021-11-16 12:37:56,988:INFO:Defining folds
2021-11-16 12:37:56,988:INFO:Declaring metric variables
2021-11-16 12:37:57,012:INFO:Importing untrained model
2021-11-16 12:37:57,034:INFO:Decision Tree Classifier Imported succesfully
2021-11-16 12:37:57,074:INFO:Starting cross validation
2021-11-16 12:37:57,075:INFO:Cross validating with StratifiedKFold(n_splits=10, random_state=None, shuffle=False), n_jobs=-1
2021-11-16 12:37:57,225:INFO:Calculating mean and std
2021-11-16 12:37:57,226:INFO:Creating metrics dataframe
2021-11-16 12:37:57,236:INFO:Uploading results into container
2021-11-16 12:37:57,236:INFO:Uploading model into container now
2021-11-16 12:37:57,237:INFO:create_model_container: 4
2021-11-16 12:37:57,237:INFO:master_model_container: 4
2021-11-16 12:37:57,237:INFO:display_container: 2
2021-11-16 12:37:57,238:INFO:DecisionTreeClassifier(ccp_alpha=0.0, class_weight=None, criterion='gini',
                       max_depth=None, max_features=None, max_leaf_nodes=None,
                       min_impurity_decrease=0.0, min_impurity_split=None,
                       min_samples_leaf=1, min_samples_split=2,
                       min_weight_fraction_leaf=0.0, presort='deprecated',
                       random_state=3454, splitter='best')
2021-11-16 12:37:57,238:INFO:create_model() succesfully completed......................................
2021-11-16 12:37:57,355:INFO:SubProcess create_model() end ==================================
2021-11-16 12:37:57,356:INFO:Creating metrics dataframe
2021-11-16 12:37:57,375:INFO:Initializing SVM - Linear Kernel
2021-11-16 12:37:57,376:INFO:Total runtime is 0.09743222395579021 minutes
2021-11-16 12:37:57,396:INFO:SubProcess create_model() called ==================================
2021-11-16 12:37:57,397:INFO:Initializing create_model()
2021-11-16 12:37:57,397:INFO:create_model(estimator=svm, fold=StratifiedKFold(n_splits=10, random_state=None, shuffle=False), round=4, cross_validation=True, predict=True, fit_kwargs={}, groups=None, refit=False, verbose=False, system=False, metrics=None, add_to_model_list=True, display=<pycaret.internal.Display.Display object at 0x7f683ed1d6d0>, kwargs={})
2021-11-16 12:37:57,397:INFO:Checking exceptions
2021-11-16 12:37:57,397:INFO:Importing libraries
2021-11-16 12:37:57,397:INFO:Copying training dataset
2021-11-16 12:37:57,399:INFO:Defining folds
2021-11-16 12:37:57,399:INFO:Declaring metric variables
2021-11-16 12:37:57,419:INFO:Importing untrained model
2021-11-16 12:37:57,435:INFO:SVM - Linear Kernel Imported succesfully
2021-11-16 12:37:57,470:INFO:Starting cross validation
2021-11-16 12:37:57,471:INFO:Cross validating with StratifiedKFold(n_splits=10, random_state=None, shuffle=False), n_jobs=-1
2021-11-16 12:37:57,611:INFO:Calculating mean and std
2021-11-16 12:37:57,612:INFO:Creating metrics dataframe
2021-11-16 12:37:57,617:INFO:Uploading results into container
2021-11-16 12:37:57,618:INFO:Uploading model into container now
2021-11-16 12:37:57,618:INFO:create_model_container: 5
2021-11-16 12:37:57,618:INFO:master_model_container: 5
2021-11-16 12:37:57,618:INFO:display_container: 2
2021-11-16 12:37:57,619:INFO:SGDClassifier(alpha=0.0001, average=False, class_weight=None,
              early_stopping=False, epsilon=0.1, eta0=0.001, fit_intercept=True,
              l1_ratio=0.15, learning_rate='optimal', loss='hinge',
              max_iter=1000, n_iter_no_change=5, n_jobs=-1, penalty='l2',
              power_t=0.5, random_state=3454, shuffle=True, tol=0.001,
              validation_fraction=0.1, verbose=0, warm_start=False)
2021-11-16 12:37:57,619:INFO:create_model() succesfully completed......................................
2021-11-16 12:37:57,733:INFO:SubProcess create_model() end ==================================
2021-11-16 12:37:57,733:INFO:Creating metrics dataframe
2021-11-16 12:37:57,773:INFO:Initializing Ridge Classifier
2021-11-16 12:37:57,774:INFO:Total runtime is 0.10406375726064047 minutes
2021-11-16 12:37:57,792:INFO:SubProcess create_model() called ==================================
2021-11-16 12:37:57,793:INFO:Initializing create_model()
2021-11-16 12:37:57,794:INFO:create_model(estimator=ridge, fold=StratifiedKFold(n_splits=10, random_state=None, shuffle=False), round=4, cross_validation=True, predict=True, fit_kwargs={}, groups=None, refit=False, verbose=False, system=False, metrics=None, add_to_model_list=True, display=<pycaret.internal.Display.Display object at 0x7f683ed1d6d0>, kwargs={})
2021-11-16 12:37:57,794:INFO:Checking exceptions
2021-11-16 12:37:57,794:INFO:Importing libraries
2021-11-16 12:37:57,794:INFO:Copying training dataset
2021-11-16 12:37:57,796:INFO:Defining folds
2021-11-16 12:37:57,796:INFO:Declaring metric variables
2021-11-16 12:37:57,817:INFO:Importing untrained model
2021-11-16 12:37:57,835:INFO:Ridge Classifier Imported succesfully
2021-11-16 12:37:57,882:INFO:Starting cross validation
2021-11-16 12:37:57,883:INFO:Cross validating with StratifiedKFold(n_splits=10, random_state=None, shuffle=False), n_jobs=-1
2021-11-16 12:37:58,018:INFO:Calculating mean and std
2021-11-16 12:37:58,020:INFO:Creating metrics dataframe
2021-11-16 12:37:58,029:INFO:Uploading results into container
2021-11-16 12:37:58,030:INFO:Uploading model into container now
2021-11-16 12:37:58,030:INFO:create_model_container: 6
2021-11-16 12:37:58,030:INFO:master_model_container: 6
2021-11-16 12:37:58,030:INFO:display_container: 2
2021-11-16 12:37:58,031:INFO:RidgeClassifier(alpha=1.0, class_weight=None, copy_X=True, fit_intercept=True,
                max_iter=None, normalize=False, random_state=3454,
                solver='auto', tol=0.001)
2021-11-16 12:37:58,031:INFO:create_model() succesfully completed......................................
2021-11-16 12:37:58,161:INFO:SubProcess create_model() end ==================================
2021-11-16 12:37:58,162:INFO:Creating metrics dataframe
2021-11-16 12:37:58,189:INFO:Initializing Random Forest Classifier
2021-11-16 12:37:58,189:INFO:Total runtime is 0.11098616917928061 minutes
2021-11-16 12:37:58,215:INFO:SubProcess create_model() called ==================================
2021-11-16 12:37:58,215:INFO:Initializing create_model()
2021-11-16 12:37:58,216:INFO:create_model(estimator=rf, fold=StratifiedKFold(n_splits=10, random_state=None, shuffle=False), round=4, cross_validation=True, predict=True, fit_kwargs={}, groups=None, refit=False, verbose=False, system=False, metrics=None, add_to_model_list=True, display=<pycaret.internal.Display.Display object at 0x7f683ed1d6d0>, kwargs={})
2021-11-16 12:37:58,216:INFO:Checking exceptions
2021-11-16 12:37:58,216:INFO:Importing libraries
2021-11-16 12:37:58,216:INFO:Copying training dataset
2021-11-16 12:37:58,217:INFO:Defining folds
2021-11-16 12:37:58,217:INFO:Declaring metric variables
2021-11-16 12:37:58,237:INFO:Importing untrained model
2021-11-16 12:37:58,256:INFO:Random Forest Classifier Imported succesfully
2021-11-16 12:37:58,292:INFO:Starting cross validation
2021-11-16 12:37:58,293:INFO:Cross validating with StratifiedKFold(n_splits=10, random_state=None, shuffle=False), n_jobs=-1
2021-11-16 12:38:02,963:INFO:Calculating mean and std
2021-11-16 12:38:02,965:INFO:Creating metrics dataframe
2021-11-16 12:38:02,972:INFO:Uploading results into container
2021-11-16 12:38:02,972:INFO:Uploading model into container now
2021-11-16 12:38:02,972:INFO:create_model_container: 7
2021-11-16 12:38:02,973:INFO:master_model_container: 7
2021-11-16 12:38:02,973:INFO:display_container: 2
2021-11-16 12:38:02,973:INFO:RandomForestClassifier(bootstrap=True, ccp_alpha=0.0, class_weight=None,
                       criterion='gini', max_depth=None, max_features='auto',
                       max_leaf_nodes=None, max_samples=None,
                       min_impurity_decrease=0.0, min_impurity_split=None,
                       min_samples_leaf=1, min_samples_split=2,
                       min_weight_fraction_leaf=0.0, n_estimators=100,
                       n_jobs=-1, oob_score=False, random_state=3454, verbose=0,
                       warm_start=False)
2021-11-16 12:38:02,974:INFO:create_model() succesfully completed......................................
2021-11-16 12:38:03,120:INFO:SubProcess create_model() end ==================================
2021-11-16 12:38:03,120:INFO:Creating metrics dataframe
2021-11-16 12:38:03,150:INFO:Initializing Quadratic Discriminant Analysis
2021-11-16 12:38:03,151:INFO:Total runtime is 0.19367971022923788 minutes
2021-11-16 12:38:03,171:INFO:SubProcess create_model() called ==================================
2021-11-16 12:38:03,172:INFO:Initializing create_model()
2021-11-16 12:38:03,172:INFO:create_model(estimator=qda, fold=StratifiedKFold(n_splits=10, random_state=None, shuffle=False), round=4, cross_validation=True, predict=True, fit_kwargs={}, groups=None, refit=False, verbose=False, system=False, metrics=None, add_to_model_list=True, display=<pycaret.internal.Display.Display object at 0x7f683ed1d6d0>, kwargs={})
2021-11-16 12:38:03,172:INFO:Checking exceptions
2021-11-16 12:38:03,172:INFO:Importing libraries
2021-11-16 12:38:03,172:INFO:Copying training dataset
2021-11-16 12:38:03,175:INFO:Defining folds
2021-11-16 12:38:03,175:INFO:Declaring metric variables
2021-11-16 12:38:03,196:INFO:Importing untrained model
2021-11-16 12:38:03,219:INFO:Quadratic Discriminant Analysis Imported succesfully
2021-11-16 12:38:03,262:INFO:Starting cross validation
2021-11-16 12:38:03,264:INFO:Cross validating with StratifiedKFold(n_splits=10, random_state=None, shuffle=False), n_jobs=-1
2021-11-16 12:38:03,460:INFO:Calculating mean and std
2021-11-16 12:38:03,461:INFO:Creating metrics dataframe
2021-11-16 12:38:03,467:INFO:Uploading results into container
2021-11-16 12:38:03,467:INFO:Uploading model into container now
2021-11-16 12:38:03,467:INFO:create_model_container: 8
2021-11-16 12:38:03,468:INFO:master_model_container: 8
2021-11-16 12:38:03,468:INFO:display_container: 2
2021-11-16 12:38:03,468:INFO:QuadraticDiscriminantAnalysis(priors=None, reg_param=0.0,
                              store_covariance=False, tol=0.0001)
2021-11-16 12:38:03,468:INFO:create_model() succesfully completed......................................
2021-11-16 12:38:03,587:INFO:SubProcess create_model() end ==================================
2021-11-16 12:38:03,596:INFO:Creating metrics dataframe
2021-11-16 12:38:03,620:INFO:Initializing Ada Boost Classifier
2021-11-16 12:38:03,621:INFO:Total runtime is 0.2015163818995158 minutes
2021-11-16 12:38:03,643:INFO:SubProcess create_model() called ==================================
2021-11-16 12:38:03,643:INFO:Initializing create_model()
2021-11-16 12:38:03,644:INFO:create_model(estimator=ada, fold=StratifiedKFold(n_splits=10, random_state=None, shuffle=False), round=4, cross_validation=True, predict=True, fit_kwargs={}, groups=None, refit=False, verbose=False, system=False, metrics=None, add_to_model_list=True, display=<pycaret.internal.Display.Display object at 0x7f683ed1d6d0>, kwargs={})
2021-11-16 12:38:03,644:INFO:Checking exceptions
2021-11-16 12:38:03,644:INFO:Importing libraries
2021-11-16 12:38:03,644:INFO:Copying training dataset
2021-11-16 12:38:03,646:INFO:Defining folds
2021-11-16 12:38:03,646:INFO:Declaring metric variables
2021-11-16 12:38:03,662:INFO:Importing untrained model
2021-11-16 12:38:03,680:INFO:Ada Boost Classifier Imported succesfully
2021-11-16 12:38:03,718:INFO:Starting cross validation
2021-11-16 12:38:03,720:INFO:Cross validating with StratifiedKFold(n_splits=10, random_state=None, shuffle=False), n_jobs=-1
2021-11-16 12:38:04,742:INFO:Calculating mean and std
2021-11-16 12:38:04,744:INFO:Creating metrics dataframe
2021-11-16 12:38:04,755:INFO:Uploading results into container
2021-11-16 12:38:04,756:INFO:Uploading model into container now
2021-11-16 12:38:04,756:INFO:create_model_container: 9
2021-11-16 12:38:04,756:INFO:master_model_container: 9
2021-11-16 12:38:04,756:INFO:display_container: 2
2021-11-16 12:38:04,760:INFO:AdaBoostClassifier(algorithm='SAMME.R', base_estimator=None, learning_rate=1.0,
                   n_estimators=50, random_state=3454)
2021-11-16 12:38:04,760:INFO:create_model() succesfully completed......................................
2021-11-16 12:38:04,879:INFO:SubProcess create_model() end ==================================
2021-11-16 12:38:04,880:INFO:Creating metrics dataframe
2021-11-16 12:38:04,902:INFO:Initializing Gradient Boosting Classifier
2021-11-16 12:38:04,903:INFO:Total runtime is 0.2228802522023519 minutes
2021-11-16 12:38:04,925:INFO:SubProcess create_model() called ==================================
2021-11-16 12:38:04,925:INFO:Initializing create_model()
2021-11-16 12:38:04,926:INFO:create_model(estimator=gbc, fold=StratifiedKFold(n_splits=10, random_state=None, shuffle=False), round=4, cross_validation=True, predict=True, fit_kwargs={}, groups=None, refit=False, verbose=False, system=False, metrics=None, add_to_model_list=True, display=<pycaret.internal.Display.Display object at 0x7f683ed1d6d0>, kwargs={})
2021-11-16 12:38:04,926:INFO:Checking exceptions
2021-11-16 12:38:04,926:INFO:Importing libraries
2021-11-16 12:38:04,926:INFO:Copying training dataset
2021-11-16 12:38:04,928:INFO:Defining folds
2021-11-16 12:38:04,928:INFO:Declaring metric variables
2021-11-16 12:38:04,945:INFO:Importing untrained model
2021-11-16 12:38:04,963:INFO:Gradient Boosting Classifier Imported succesfully
2021-11-16 12:38:05,006:INFO:Starting cross validation
2021-11-16 12:38:05,008:INFO:Cross validating with StratifiedKFold(n_splits=10, random_state=None, shuffle=False), n_jobs=-1
2021-11-16 12:38:05,712:INFO:Calculating mean and std
2021-11-16 12:38:05,713:INFO:Creating metrics dataframe
2021-11-16 12:38:05,723:INFO:Uploading results into container
2021-11-16 12:38:05,723:INFO:Uploading model into container now
2021-11-16 12:38:05,724:INFO:create_model_container: 10
2021-11-16 12:38:05,724:INFO:master_model_container: 10
2021-11-16 12:38:05,724:INFO:display_container: 2
2021-11-16 12:38:05,725:INFO:GradientBoostingClassifier(ccp_alpha=0.0, criterion='friedman_mse', init=None,
                           learning_rate=0.1, loss='deviance', max_depth=3,
                           max_features=None, max_leaf_nodes=None,
                           min_impurity_decrease=0.0, min_impurity_split=None,
                           min_samples_leaf=1, min_samples_split=2,
                           min_weight_fraction_leaf=0.0, n_estimators=100,
                           n_iter_no_change=None, presort='deprecated',
                           random_state=3454, subsample=1.0, tol=0.0001,
                           validation_fraction=0.1, verbose=0,
                           warm_start=False)
2021-11-16 12:38:05,725:INFO:create_model() succesfully completed......................................
2021-11-16 12:38:05,853:INFO:SubProcess create_model() end ==================================
2021-11-16 12:38:05,853:INFO:Creating metrics dataframe
2021-11-16 12:38:05,876:INFO:Initializing Linear Discriminant Analysis
2021-11-16 12:38:05,876:INFO:Total runtime is 0.23910553057988485 minutes
2021-11-16 12:38:05,911:INFO:SubProcess create_model() called ==================================
2021-11-16 12:38:05,911:INFO:Initializing create_model()
2021-11-16 12:38:05,911:INFO:create_model(estimator=lda, fold=StratifiedKFold(n_splits=10, random_state=None, shuffle=False), round=4, cross_validation=True, predict=True, fit_kwargs={}, groups=None, refit=False, verbose=False, system=False, metrics=None, add_to_model_list=True, display=<pycaret.internal.Display.Display object at 0x7f683ed1d6d0>, kwargs={})
2021-11-16 12:38:05,911:INFO:Checking exceptions
2021-11-16 12:38:05,911:INFO:Importing libraries
2021-11-16 12:38:05,911:INFO:Copying training dataset
2021-11-16 12:38:05,913:INFO:Defining folds
2021-11-16 12:38:05,913:INFO:Declaring metric variables
2021-11-16 12:38:05,934:INFO:Importing untrained model
2021-11-16 12:38:05,953:INFO:Linear Discriminant Analysis Imported succesfully
2021-11-16 12:38:05,994:INFO:Starting cross validation
2021-11-16 12:38:05,996:INFO:Cross validating with StratifiedKFold(n_splits=10, random_state=None, shuffle=False), n_jobs=-1
2021-11-16 12:38:06,153:INFO:Calculating mean and std
2021-11-16 12:38:06,155:INFO:Creating metrics dataframe
2021-11-16 12:38:06,166:INFO:Uploading results into container
2021-11-16 12:38:06,166:INFO:Uploading model into container now
2021-11-16 12:38:06,167:INFO:create_model_container: 11
2021-11-16 12:38:06,167:INFO:master_model_container: 11
2021-11-16 12:38:06,167:INFO:display_container: 2
2021-11-16 12:38:06,167:INFO:LinearDiscriminantAnalysis(n_components=None, priors=None, shrinkage=None,
                           solver='svd', store_covariance=False, tol=0.0001)
2021-11-16 12:38:06,168:INFO:create_model() succesfully completed......................................
2021-11-16 12:38:06,301:INFO:SubProcess create_model() end ==================================
2021-11-16 12:38:06,302:INFO:Creating metrics dataframe
2021-11-16 12:38:06,326:INFO:Initializing Extra Trees Classifier
2021-11-16 12:38:06,326:INFO:Total runtime is 0.24660513798395792 minutes
2021-11-16 12:38:06,347:INFO:SubProcess create_model() called ==================================
2021-11-16 12:38:06,348:INFO:Initializing create_model()
2021-11-16 12:38:06,348:INFO:create_model(estimator=et, fold=StratifiedKFold(n_splits=10, random_state=None, shuffle=False), round=4, cross_validation=True, predict=True, fit_kwargs={}, groups=None, refit=False, verbose=False, system=False, metrics=None, add_to_model_list=True, display=<pycaret.internal.Display.Display object at 0x7f683ed1d6d0>, kwargs={})
2021-11-16 12:38:06,348:INFO:Checking exceptions
2021-11-16 12:38:06,348:INFO:Importing libraries
2021-11-16 12:38:06,348:INFO:Copying training dataset
2021-11-16 12:38:06,350:INFO:Defining folds
2021-11-16 12:38:06,351:INFO:Declaring metric variables
2021-11-16 12:38:06,366:INFO:Importing untrained model
2021-11-16 12:38:06,385:INFO:Extra Trees Classifier Imported succesfully
2021-11-16 12:38:06,429:INFO:Starting cross validation
2021-11-16 12:38:06,430:INFO:Cross validating with StratifiedKFold(n_splits=10, random_state=None, shuffle=False), n_jobs=-1
2021-11-16 12:38:11,095:INFO:Calculating mean and std
2021-11-16 12:38:11,096:INFO:Creating metrics dataframe
2021-11-16 12:38:11,104:INFO:Uploading results into container
2021-11-16 12:38:11,104:INFO:Uploading model into container now
2021-11-16 12:38:11,104:INFO:create_model_container: 12
2021-11-16 12:38:11,104:INFO:master_model_container: 12
2021-11-16 12:38:11,104:INFO:display_container: 2
2021-11-16 12:38:11,106:INFO:ExtraTreesClassifier(bootstrap=False, ccp_alpha=0.0, class_weight=None,
                     criterion='gini', max_depth=None, max_features='auto',
                     max_leaf_nodes=None, max_samples=None,
                     min_impurity_decrease=0.0, min_impurity_split=None,
                     min_samples_leaf=1, min_samples_split=2,
                     min_weight_fraction_leaf=0.0, n_estimators=100, n_jobs=-1,
                     oob_score=False, random_state=3454, verbose=0,
                     warm_start=False)
2021-11-16 12:38:11,106:INFO:create_model() succesfully completed......................................
2021-11-16 12:38:11,264:INFO:SubProcess create_model() end ==================================
2021-11-16 12:38:11,264:INFO:Creating metrics dataframe
2021-11-16 12:38:11,300:INFO:Initializing Light Gradient Boosting Machine
2021-11-16 12:38:11,300:INFO:Total runtime is 0.3295012633005778 minutes
2021-11-16 12:38:11,327:INFO:SubProcess create_model() called ==================================
2021-11-16 12:38:11,328:INFO:Initializing create_model()
2021-11-16 12:38:11,328:INFO:create_model(estimator=lightgbm, fold=StratifiedKFold(n_splits=10, random_state=None, shuffle=False), round=4, cross_validation=True, predict=True, fit_kwargs={}, groups=None, refit=False, verbose=False, system=False, metrics=None, add_to_model_list=True, display=<pycaret.internal.Display.Display object at 0x7f683ed1d6d0>, kwargs={})
2021-11-16 12:38:11,328:INFO:Checking exceptions
2021-11-16 12:38:11,328:INFO:Importing libraries
2021-11-16 12:38:11,328:INFO:Copying training dataset
2021-11-16 12:38:11,330:INFO:Defining folds
2021-11-16 12:38:11,330:INFO:Declaring metric variables
2021-11-16 12:38:11,349:INFO:Importing untrained model
2021-11-16 12:38:11,368:INFO:Light Gradient Boosting Machine Imported succesfully
2021-11-16 12:38:11,402:INFO:Starting cross validation
2021-11-16 12:38:11,404:INFO:Cross validating with StratifiedKFold(n_splits=10, random_state=None, shuffle=False), n_jobs=-1
2021-11-16 12:38:12,061:INFO:Calculating mean and std
2021-11-16 12:38:12,063:INFO:Creating metrics dataframe
2021-11-16 12:38:12,074:INFO:Uploading results into container
2021-11-16 12:38:12,075:INFO:Uploading model into container now
2021-11-16 12:38:12,075:INFO:create_model_container: 13
2021-11-16 12:38:12,075:INFO:master_model_container: 13
2021-11-16 12:38:12,075:INFO:display_container: 2
2021-11-16 12:38:12,076:INFO:LGBMClassifier(boosting_type='gbdt', class_weight=None, colsample_bytree=1.0,
               importance_type='split', learning_rate=0.1, max_depth=-1,
               min_child_samples=20, min_child_weight=0.001, min_split_gain=0.0,
               n_estimators=100, n_jobs=-1, num_leaves=31, objective=None,
               random_state=3454, reg_alpha=0.0, reg_lambda=0.0, silent='warn',
               subsample=1.0, subsample_for_bin=200000, subsample_freq=0)
2021-11-16 12:38:12,076:INFO:create_model() succesfully completed......................................
2021-11-16 12:38:12,225:INFO:SubProcess create_model() end ==================================
2021-11-16 12:38:12,225:INFO:Creating metrics dataframe
2021-11-16 12:38:12,302:INFO:Initializing create_model()
2021-11-16 12:38:12,302:INFO:create_model(estimator=LinearDiscriminantAnalysis(n_components=None, priors=None, shrinkage=None,
                           solver='svd', store_covariance=False, tol=0.0001), fold=StratifiedKFold(n_splits=10, random_state=None, shuffle=False), round=4, cross_validation=False, predict=False, fit_kwargs={}, groups=None, refit=True, verbose=False, system=False, metrics=None, add_to_model_list=True, display=None, kwargs={})
2021-11-16 12:38:12,302:INFO:Checking exceptions
2021-11-16 12:38:12,303:INFO:Importing libraries
2021-11-16 12:38:12,303:INFO:Copying training dataset
2021-11-16 12:38:12,304:INFO:Defining folds
2021-11-16 12:38:12,304:INFO:Declaring metric variables
2021-11-16 12:38:12,304:INFO:Importing untrained model
2021-11-16 12:38:12,304:INFO:Declaring custom model
2021-11-16 12:38:12,305:INFO:Linear Discriminant Analysis Imported succesfully
2021-11-16 12:38:12,306:INFO:Cross validation set to False
2021-11-16 12:38:12,306:INFO:Fitting Model
2021-11-16 12:38:12,315:INFO:LinearDiscriminantAnalysis(n_components=None, priors=None, shrinkage=None,
                           solver='svd', store_covariance=False, tol=0.0001)
2021-11-16 12:38:12,315:INFO:create_models() succesfully completed......................................
2021-11-16 12:38:12,486:INFO:create_model_container: 13
2021-11-16 12:38:12,486:INFO:master_model_container: 13
2021-11-16 12:38:12,486:INFO:display_container: 2
2021-11-16 12:38:12,487:INFO:LinearDiscriminantAnalysis(n_components=None, priors=None, shrinkage=None,
                           solver='svd', store_covariance=False, tol=0.0001)
2021-11-16 12:38:12,487:INFO:compare_models() succesfully completed......................................
2021-11-16 12:41:03,083:INFO:Initializing create_model()
2021-11-16 12:41:03,083:INFO:create_model(estimator=lr, fold=None, round=4, cross_validation=True, predict=True, fit_kwargs=None, groups=None, refit=True, verbose=True, system=True, metrics=None, add_to_model_list=True, display=None, kwargs={})
2021-11-16 12:41:03,083:INFO:Checking exceptions
2021-11-16 12:41:03,083:INFO:Preparing display monitor
2021-11-16 12:41:03,132:INFO:Importing libraries
2021-11-16 12:41:03,132:INFO:Copying training dataset
2021-11-16 12:41:03,135:INFO:Defining folds
2021-11-16 12:41:03,135:INFO:Declaring metric variables
2021-11-16 12:41:03,160:INFO:Importing untrained model
2021-11-16 12:41:03,183:INFO:Logistic Regression Imported succesfully
2021-11-16 12:41:03,231:INFO:Starting cross validation
2021-11-16 12:41:03,232:INFO:Cross validating with StratifiedKFold(n_splits=10, random_state=None, shuffle=False), n_jobs=-1
2021-11-16 12:41:03,577:INFO:Calculating mean and std
2021-11-16 12:41:03,578:INFO:Creating metrics dataframe
2021-11-16 12:41:03,617:INFO:Finalizing model
2021-11-16 12:41:03,665:INFO:Uploading results into container
2021-11-16 12:41:03,665:INFO:Uploading model into container now
2021-11-16 12:41:03,697:INFO:create_model_container: 14
2021-11-16 12:41:03,697:INFO:master_model_container: 14
2021-11-16 12:41:03,697:INFO:display_container: 3
2021-11-16 12:41:03,698:INFO:LogisticRegression(C=1.0, class_weight=None, dual=False, fit_intercept=True,
                   intercept_scaling=1, l1_ratio=None, max_iter=1000,
                   multi_class='auto', n_jobs=None, penalty='l2',
                   random_state=3454, solver='lbfgs', tol=0.0001, verbose=0,
                   warm_start=False)
2021-11-16 12:41:03,698:INFO:create_model() succesfully completed......................................
2021-11-16 12:41:55,275:INFO:Initializing create_model()
2021-11-16 12:41:55,275:INFO:create_model(estimator=knn, fold=None, round=4, cross_validation=True, predict=True, fit_kwargs=None, groups=None, refit=True, verbose=True, system=True, metrics=None, add_to_model_list=True, display=None, kwargs={})
2021-11-16 12:41:55,275:INFO:Checking exceptions
2021-11-16 12:41:55,276:INFO:Preparing display monitor
2021-11-16 12:41:55,338:INFO:Importing libraries
2021-11-16 12:41:55,339:INFO:Copying training dataset
2021-11-16 12:41:55,341:INFO:Defining folds
2021-11-16 12:41:55,342:INFO:Declaring metric variables
2021-11-16 12:41:55,370:INFO:Importing untrained model
2021-11-16 12:41:55,400:INFO:K Neighbors Classifier Imported succesfully
2021-11-16 12:41:55,460:INFO:Starting cross validation
2021-11-16 12:41:55,461:INFO:Cross validating with StratifiedKFold(n_splits=10, random_state=None, shuffle=False), n_jobs=-1
2021-11-16 12:41:56,661:INFO:Calculating mean and std
2021-11-16 12:41:56,662:INFO:Creating metrics dataframe
2021-11-16 12:41:56,696:INFO:Finalizing model
2021-11-16 12:41:56,701:INFO:Uploading results into container
2021-11-16 12:41:56,702:INFO:Uploading model into container now
2021-11-16 12:41:56,735:INFO:create_model_container: 15
2021-11-16 12:41:56,737:INFO:master_model_container: 15
2021-11-16 12:41:56,737:INFO:display_container: 4
2021-11-16 12:41:56,737:INFO:KNeighborsClassifier(algorithm='auto', leaf_size=30, metric='minkowski',
                     metric_params=None, n_jobs=-1, n_neighbors=5, p=2,
                     weights='uniform')
2021-11-16 12:41:56,739:INFO:create_model() succesfully completed......................................
